<?xml version="1.0" encoding="UTF-8"?>
<!-- Generated by org.testng.reporters.JUnitReportReporter -->
<testsuite name="testcases.TC003_CreateLead" tests="1" time="35.914" ignored="0" failures="0" timestamp="22 Apr 2018 17:10:38 GMT" skipped="0" hostname="DESKTOP-BNIGMKC" errors="0">
  <testcase name="createLead" time="35.914" classname="testcases.TC003_CreateLead"/>
</testsuite> <!-- testcases.TC003_CreateLead -->
