<?xml version="1.0" encoding="UTF-8"?>
<!-- Generated by org.testng.reporters.JUnitReportReporter -->
<testsuite name="testcases.TC004_EditLead" tests="1" time="24.928" ignored="0" failures="0" timestamp="19 Apr 2018 12:01:05 GMT" skipped="0" hostname="DESKTOP-BNIGMKC" errors="0">
  <testcase name="createLead" time="24.928" classname="testcases.TC004_EditLead"/>
</testsuite> <!-- testcases.TC004_EditLead -->
