<?xml version="1.0" encoding="UTF-8"?>
<!-- Generated by org.testng.reporters.JUnitReportReporter -->
<testsuite name="testcases.TC005_DeleteLead" tests="1" time="30.180" ignored="0" failures="0" timestamp="19 Apr 2018 13:39:17 GMT" skipped="0" hostname="DESKTOP-BNIGMKC" errors="0">
  <testcase name="createLead" time="30.180" classname="testcases.TC005_DeleteLead"/>
</testsuite> <!-- testcases.TC005_DeleteLead -->
