<?xml version="1.0" encoding="UTF-8"?>
<!-- Generated by org.testng.reporters.JUnitReportReporter -->
<testsuite name="testcases.TC003_CreateLead" tests="1" time="26.209" ignored="0" failures="0" timestamp="26 Apr 2018 13:51:20 GMT" skipped="0" hostname="DESKTOP-BNIGMKC" errors="0">
  <testcase name="createLead" time="26.209" classname="testcases.TC003_CreateLead"/>
</testsuite> <!-- testcases.TC003_CreateLead -->
